Performing C SOURCE FILE Test CMAKE_HAVE_LIBC_PTHREAD failed with the following output:
Change Dir: /home/tom/matlab_damo/out/build/matlab_damo/CMakeFiles/CMakeTmp

Run Build Command(s):/usr/bin/make cmTC_14257/fast && /usr/bin/make -f CMakeFiles/cmTC_14257.dir/build.make CMakeFiles/cmTC_14257.dir/build
make[1]: Entering directory '/home/tom/matlab_damo/out/build/matlab_damo/CMakeFiles/CMakeTmp'
Building C object CMakeFiles/cmTC_14257.dir/src.c.o
/usr/bin/gcc   -DCMAKE_HAVE_LIBC_PTHREAD   -o CMakeFiles/cmTC_14257.dir/src.c.o   -c /home/tom/matlab_damo/out/build/matlab_damo/CMakeFiles/CMakeTmp/src.c
Linking C executable cmTC_14257
/usr/bin/cmake -E cmake_link_script CMakeFiles/cmTC_14257.dir/link.txt --verbose=1
/usr/bin/gcc  -DCMAKE_HAVE_LIBC_PTHREAD    CMakeFiles/cmTC_14257.dir/src.c.o  -o cmTC_14257 
/usr/bin/ld: CMakeFiles/cmTC_14257.dir/src.c.o: in function `main':
src.c:(.text+0x46): undefined reference to `pthread_create'
/usr/bin/ld: src.c:(.text+0x52): undefined reference to `pthread_detach'
/usr/bin/ld: src.c:(.text+0x63): undefined reference to `pthread_join'
collect2: error: ld returned 1 exit status
make[1]: *** [CMakeFiles/cmTC_14257.dir/build.make:87: cmTC_14257] Error 1
make[1]: Leaving directory '/home/tom/matlab_damo/out/build/matlab_damo/CMakeFiles/CMakeTmp'
make: *** [Makefile:121: cmTC_14257/fast] Error 2


Source file was:
#include <pthread.h>

void* test_func(void* data)
{
  return data;
}

int main(void)
{
  pthread_t thread;
  pthread_create(&thread, NULL, test_func, NULL);
  pthread_detach(thread);
  pthread_join(thread, NULL);
  pthread_atfork(NULL, NULL, NULL);
  pthread_exit(NULL);

  return 0;
}

Determining if the function pthread_create exists in the pthreads failed with the following output:
Change Dir: /home/tom/matlab_damo/out/build/matlab_damo/CMakeFiles/CMakeTmp

Run Build Command(s):/usr/bin/make cmTC_698b1/fast && /usr/bin/make -f CMakeFiles/cmTC_698b1.dir/build.make CMakeFiles/cmTC_698b1.dir/build
make[1]: Entering directory '/home/tom/matlab_damo/out/build/matlab_damo/CMakeFiles/CMakeTmp'
Building C object CMakeFiles/cmTC_698b1.dir/CheckFunctionExists.c.o
/usr/bin/gcc   -DCHECK_FUNCTION_EXISTS=pthread_create   -o CMakeFiles/cmTC_698b1.dir/CheckFunctionExists.c.o   -c /usr/share/cmake-3.16/Modules/CheckFunctionExists.c
Linking C executable cmTC_698b1
/usr/bin/cmake -E cmake_link_script CMakeFiles/cmTC_698b1.dir/link.txt --verbose=1
/usr/bin/gcc  -DCHECK_FUNCTION_EXISTS=pthread_create    CMakeFiles/cmTC_698b1.dir/CheckFunctionExists.c.o  -o cmTC_698b1  -lpthreads 
/usr/bin/ld: cannot find -lpthreads
collect2: error: ld returned 1 exit status
make[1]: *** [CMakeFiles/cmTC_698b1.dir/build.make:87: cmTC_698b1] Error 1
make[1]: Leaving directory '/home/tom/matlab_damo/out/build/matlab_damo/CMakeFiles/CMakeTmp'
make: *** [Makefile:121: cmTC_698b1/fast] Error 2



Performing C SOURCE FILE Test CMAKE_HAVE_LIBC_PTHREAD failed with the following output:
Change Dir: /home/tom/matlab_damo/out/build/matlab_damo/CMakeFiles/CMakeTmp

Run Build Command(s):/usr/bin/make cmTC_f4f6e/fast && /usr/bin/make -f CMakeFiles/cmTC_f4f6e.dir/build.make CMakeFiles/cmTC_f4f6e.dir/build
make[1]: Entering directory '/home/tom/matlab_damo/out/build/matlab_damo/CMakeFiles/CMakeTmp'
Building C object CMakeFiles/cmTC_f4f6e.dir/src.c.o
/usr/bin/gcc   -DCMAKE_HAVE_LIBC_PTHREAD   -o CMakeFiles/cmTC_f4f6e.dir/src.c.o   -c /home/tom/matlab_damo/out/build/matlab_damo/CMakeFiles/CMakeTmp/src.c
Linking C executable cmTC_f4f6e
/usr/bin/cmake -E cmake_link_script CMakeFiles/cmTC_f4f6e.dir/link.txt --verbose=1
/usr/bin/gcc  -DCMAKE_HAVE_LIBC_PTHREAD    CMakeFiles/cmTC_f4f6e.dir/src.c.o  -o cmTC_f4f6e 
/usr/bin/ld: CMakeFiles/cmTC_f4f6e.dir/src.c.o: in function `main':
src.c:(.text+0x46): undefined reference to `pthread_create'
/usr/bin/ld: src.c:(.text+0x52): undefined reference to `pthread_detach'
/usr/bin/ld: src.c:(.text+0x63): undefined reference to `pthread_join'
collect2: error: ld returned 1 exit status
make[1]: *** [CMakeFiles/cmTC_f4f6e.dir/build.make:87: cmTC_f4f6e] Error 1
make[1]: Leaving directory '/home/tom/matlab_damo/out/build/matlab_damo/CMakeFiles/CMakeTmp'
make: *** [Makefile:121: cmTC_f4f6e/fast] Error 2


Source file was:
#include <pthread.h>

void* test_func(void* data)
{
  return data;
}

int main(void)
{
  pthread_t thread;
  pthread_create(&thread, NULL, test_func, NULL);
  pthread_detach(thread);
  pthread_join(thread, NULL);
  pthread_atfork(NULL, NULL, NULL);
  pthread_exit(NULL);

  return 0;
}

Determining if the function pthread_create exists in the pthreads failed with the following output:
Change Dir: /home/tom/matlab_damo/out/build/matlab_damo/CMakeFiles/CMakeTmp

Run Build Command(s):/usr/bin/make cmTC_2f8a4/fast && /usr/bin/make -f CMakeFiles/cmTC_2f8a4.dir/build.make CMakeFiles/cmTC_2f8a4.dir/build
make[1]: Entering directory '/home/tom/matlab_damo/out/build/matlab_damo/CMakeFiles/CMakeTmp'
Building C object CMakeFiles/cmTC_2f8a4.dir/CheckFunctionExists.c.o
/usr/bin/gcc   -DCHECK_FUNCTION_EXISTS=pthread_create   -o CMakeFiles/cmTC_2f8a4.dir/CheckFunctionExists.c.o   -c /usr/share/cmake-3.16/Modules/CheckFunctionExists.c
Linking C executable cmTC_2f8a4
/usr/bin/cmake -E cmake_link_script CMakeFiles/cmTC_2f8a4.dir/link.txt --verbose=1
/usr/bin/gcc  -DCHECK_FUNCTION_EXISTS=pthread_create    CMakeFiles/cmTC_2f8a4.dir/CheckFunctionExists.c.o  -o cmTC_2f8a4  -lpthreads 
/usr/bin/ld: cannot find -lpthreads
collect2: error: ld returned 1 exit status
make[1]: *** [CMakeFiles/cmTC_2f8a4.dir/build.make:87: cmTC_2f8a4] Error 1
make[1]: Leaving directory '/home/tom/matlab_damo/out/build/matlab_damo/CMakeFiles/CMakeTmp'
make: *** [Makefile:121: cmTC_2f8a4/fast] Error 2



Performing C SOURCE FILE Test CMAKE_HAVE_LIBC_PTHREAD failed with the following output:
Change Dir: /home/tom/matlab_damoe_ws/out/build/matlab_damo/CMakeFiles/CMakeTmp

Run Build Command(s):/usr/bin/make cmTC_38df1/fast && /usr/bin/make -f CMakeFiles/cmTC_38df1.dir/build.make CMakeFiles/cmTC_38df1.dir/build
make[1]: Entering directory '/home/tom/matlab_damoe_ws/out/build/matlab_damo/CMakeFiles/CMakeTmp'
Building C object CMakeFiles/cmTC_38df1.dir/src.c.o
/usr/bin/gcc   -DCMAKE_HAVE_LIBC_PTHREAD   -o CMakeFiles/cmTC_38df1.dir/src.c.o   -c /home/tom/matlab_damoe_ws/out/build/matlab_damo/CMakeFiles/CMakeTmp/src.c
Linking C executable cmTC_38df1
/usr/bin/cmake -E cmake_link_script CMakeFiles/cmTC_38df1.dir/link.txt --verbose=1
/usr/bin/gcc  -DCMAKE_HAVE_LIBC_PTHREAD    CMakeFiles/cmTC_38df1.dir/src.c.o  -o cmTC_38df1 
/usr/bin/ld: CMakeFiles/cmTC_38df1.dir/src.c.o: in function `main':
src.c:(.text+0x46): undefined reference to `pthread_create'
/usr/bin/ld: src.c:(.text+0x52): undefined reference to `pthread_detach'
/usr/bin/ld: src.c:(.text+0x63): undefined reference to `pthread_join'
collect2: error: ld returned 1 exit status
make[1]: *** [CMakeFiles/cmTC_38df1.dir/build.make:87: cmTC_38df1] Error 1
make[1]: Leaving directory '/home/tom/matlab_damoe_ws/out/build/matlab_damo/CMakeFiles/CMakeTmp'
make: *** [Makefile:121: cmTC_38df1/fast] Error 2


Source file was:
#include <pthread.h>

void* test_func(void* data)
{
  return data;
}

int main(void)
{
  pthread_t thread;
  pthread_create(&thread, NULL, test_func, NULL);
  pthread_detach(thread);
  pthread_join(thread, NULL);
  pthread_atfork(NULL, NULL, NULL);
  pthread_exit(NULL);

  return 0;
}

Determining if the function pthread_create exists in the pthreads failed with the following output:
Change Dir: /home/tom/matlab_damoe_ws/out/build/matlab_damo/CMakeFiles/CMakeTmp

Run Build Command(s):/usr/bin/make cmTC_5c92f/fast && /usr/bin/make -f CMakeFiles/cmTC_5c92f.dir/build.make CMakeFiles/cmTC_5c92f.dir/build
make[1]: Entering directory '/home/tom/matlab_damoe_ws/out/build/matlab_damo/CMakeFiles/CMakeTmp'
Building C object CMakeFiles/cmTC_5c92f.dir/CheckFunctionExists.c.o
/usr/bin/gcc   -DCHECK_FUNCTION_EXISTS=pthread_create   -o CMakeFiles/cmTC_5c92f.dir/CheckFunctionExists.c.o   -c /usr/share/cmake-3.16/Modules/CheckFunctionExists.c
Linking C executable cmTC_5c92f
/usr/bin/cmake -E cmake_link_script CMakeFiles/cmTC_5c92f.dir/link.txt --verbose=1
/usr/bin/gcc  -DCHECK_FUNCTION_EXISTS=pthread_create    CMakeFiles/cmTC_5c92f.dir/CheckFunctionExists.c.o  -o cmTC_5c92f  -lpthreads 
/usr/bin/ld: cannot find -lpthreads
collect2: error: ld returned 1 exit status
make[1]: *** [CMakeFiles/cmTC_5c92f.dir/build.make:87: cmTC_5c92f] Error 1
make[1]: Leaving directory '/home/tom/matlab_damoe_ws/out/build/matlab_damo/CMakeFiles/CMakeTmp'
make: *** [Makefile:121: cmTC_5c92f/fast] Error 2



Performing C SOURCE FILE Test CMAKE_HAVE_LIBC_PTHREAD failed with the following output:
Change Dir: /home/tom/matlab_damoe_ws/out/build/matlab_damo/CMakeFiles/CMakeTmp

Run Build Command(s):/usr/bin/make cmTC_8d21c/fast && /usr/bin/make -f CMakeFiles/cmTC_8d21c.dir/build.make CMakeFiles/cmTC_8d21c.dir/build
make[1]: Entering directory '/home/tom/matlab_damoe_ws/out/build/matlab_damo/CMakeFiles/CMakeTmp'
Building C object CMakeFiles/cmTC_8d21c.dir/src.c.o
/usr/bin/gcc   -DCMAKE_HAVE_LIBC_PTHREAD   -o CMakeFiles/cmTC_8d21c.dir/src.c.o   -c /home/tom/matlab_damoe_ws/out/build/matlab_damo/CMakeFiles/CMakeTmp/src.c
Linking C executable cmTC_8d21c
/usr/bin/cmake -E cmake_link_script CMakeFiles/cmTC_8d21c.dir/link.txt --verbose=1
/usr/bin/gcc  -DCMAKE_HAVE_LIBC_PTHREAD    CMakeFiles/cmTC_8d21c.dir/src.c.o  -o cmTC_8d21c 
/usr/bin/ld: CMakeFiles/cmTC_8d21c.dir/src.c.o: in function `main':
src.c:(.text+0x46): undefined reference to `pthread_create'
/usr/bin/ld: src.c:(.text+0x52): undefined reference to `pthread_detach'
/usr/bin/ld: src.c:(.text+0x63): undefined reference to `pthread_join'
collect2: error: ld returned 1 exit status
make[1]: *** [CMakeFiles/cmTC_8d21c.dir/build.make:87: cmTC_8d21c] Error 1
make[1]: Leaving directory '/home/tom/matlab_damoe_ws/out/build/matlab_damo/CMakeFiles/CMakeTmp'
make: *** [Makefile:121: cmTC_8d21c/fast] Error 2


Source file was:
#include <pthread.h>

void* test_func(void* data)
{
  return data;
}

int main(void)
{
  pthread_t thread;
  pthread_create(&thread, NULL, test_func, NULL);
  pthread_detach(thread);
  pthread_join(thread, NULL);
  pthread_atfork(NULL, NULL, NULL);
  pthread_exit(NULL);

  return 0;
}

Determining if the function pthread_create exists in the pthreads failed with the following output:
Change Dir: /home/tom/matlab_damoe_ws/out/build/matlab_damo/CMakeFiles/CMakeTmp

Run Build Command(s):/usr/bin/make cmTC_b4a49/fast && /usr/bin/make -f CMakeFiles/cmTC_b4a49.dir/build.make CMakeFiles/cmTC_b4a49.dir/build
make[1]: Entering directory '/home/tom/matlab_damoe_ws/out/build/matlab_damo/CMakeFiles/CMakeTmp'
Building C object CMakeFiles/cmTC_b4a49.dir/CheckFunctionExists.c.o
/usr/bin/gcc   -DCHECK_FUNCTION_EXISTS=pthread_create   -o CMakeFiles/cmTC_b4a49.dir/CheckFunctionExists.c.o   -c /usr/share/cmake-3.16/Modules/CheckFunctionExists.c
Linking C executable cmTC_b4a49
/usr/bin/cmake -E cmake_link_script CMakeFiles/cmTC_b4a49.dir/link.txt --verbose=1
/usr/bin/gcc  -DCHECK_FUNCTION_EXISTS=pthread_create    CMakeFiles/cmTC_b4a49.dir/CheckFunctionExists.c.o  -o cmTC_b4a49  -lpthreads 
/usr/bin/ld: cannot find -lpthreads
collect2: error: ld returned 1 exit status
make[1]: *** [CMakeFiles/cmTC_b4a49.dir/build.make:87: cmTC_b4a49] Error 1
make[1]: Leaving directory '/home/tom/matlab_damoe_ws/out/build/matlab_damo/CMakeFiles/CMakeTmp'
make: *** [Makefile:121: cmTC_b4a49/fast] Error 2



